<?xml version="1.0" encoding="UTF-8" ?>
<testsuite failures="0" time="0.001" errors="0" skipped="0" tests="8" name="GameMap.GroundFactoryTest">
  <properties>
[...]
</properties>
  <testcase time="0" classname="GameMap.GroundFactoryTest" name="shouldBuildPrisonGround"/>
  <testcase time="0" classname="GameMap.GroundFactoryTest" name="shouldBuildEmptyGroundWithPrice"/>
  <testcase time="0" classname="GameMap.GroundFactoryTest" name="shouldBuildStartGround"/>
  <testcase time="0" classname="GameMap.GroundFactoryTest" name="shouldBuildHospitalGround"/>
  <testcase time="0" classname="GameMap.GroundFactoryTest" name="shouldBuildToyGround"/>
  <testcase time="0" classname="GameMap.GroundFactoryTest" name="shouldBuildGiftGround"/>
  <testcase time="0" classname="GameMap.GroundFactoryTest" name="shouldBuildMagicGround"/>
  <testcase time="0.001" classname="GameMap.GroundFactoryTest" name="shouldBuildMoneyGround"/>
</testsuite>